生成启动时间为 2017/5/23 15:28:36。
     1>项目“C:\Users\Lenovo\Desktop\DBMS\DBMS\DBMS\DBMS\DBMS.vcxproj”在节点 2 上(Build 个目标)。
       项目文件包含 ToolsVersion="12.0"。此工具集可能未知或缺失。在这种情况下，通过安装 MSBuild 的正确版本，或许可以解决此问题。否则，该 build 可能已因策略原因而被强制为某个特定 ToolsVersion。将该项目视为其已具有 ToolsVersion="4.0"。有关详细信息，请参阅 http://go.microsoft.com/fwlink/?LinkId=291333。
     1>ClCompile:
         E:\Visual Studio\VC\bin\CL.exe /c /ZI /nologo /W3 /WX- /sdl /Od /Oy- /D WIN32 /D _WINDOWS /D _DEBUG /D _UNICODE /D UNICODE /D _AFXDLL /Gm /EHsc /RTC1 /MDd /GS /fp:precise /Zc:wchar_t /Zc:forScope /Yu"stdafx.h" /Fp"Debug\DBMS.pch" /Fo"Debug\\" /Fd"Debug\vc110.pdb" /Gd /TP /analyze- /errorReport:prompt TableView.cpp
         TableView.cpp
     1>c:\users\lenovo\desktop\dbms\dbms\dbms\dbms\tableview.cpp(129): warning C4018: “<”: 有符号/无符号不匹配
     1>c:\users\lenovo\desktop\dbms\dbms\dbms\dbms\tableview.cpp(137): warning C4244: “初始化”: 从“double”转换到“int”，可能丢失数据
     1>c:\users\lenovo\desktop\dbms\dbms\dbms\dbms\tableview.cpp(142): warning C4244: “=”: 从“double”转换到“int”，可能丢失数据
       Link:
         E:\Visual Studio\VC\bin\link.exe /ERRORREPORT:PROMPT /OUT:"C:\Users\Lenovo\Desktop\DBMS\DBMS\DBMS\Debug\DBMS.exe" /INCREMENTAL /NOLOGO /MANIFEST /MANIFESTUAC:"level='asInvoker' uiAccess='false'" /manifest:embed /manifestinput:"E:\Visual Studio\VC\Include\Manifest\dpiaware.manifest" /DEBUG /PDB:"C:\Users\Lenovo\Desktop\DBMS\DBMS\DBMS\Debug\DBMS.pdb" /SUBSYSTEM:WINDOWS /TLBID:1 /ENTRY:"wWinMainCRTStartup" /DYNAMICBASE /NXCOMPAT /IMPLIB:"C:\Users\Lenovo\Desktop\DBMS\DBMS\DBMS\Debug\DBMS.lib" /MACHINE:X86 Debug\DBMS.res
         Debug\ConditionQuery.obj
         Debug\FieldDialog.obj
         Debug\LoginDlg.obj
         Debug\RcdDialog.obj
         Debug\BinaryFile.obj
         Debug\DBDAO.obj
         Debug\DBEntity.obj
         Debug\DBLogic.obj
         Debug\DBMS.obj
         Debug\DBMSDoc.obj
         Debug\DBMSView.obj
         Debug\DBView.obj
         Debug\FieldDAO.obj
         Debug\FieldEntity.obj
         Debug\FieldLogic.obj
         Debug\MainFrm.obj
         Debug\RecordDAO.obj
         Debug\RecordEntity.obj
         Debug\RecordLogic.obj
         Debug\RegisterDlg.obj
         Debug\stdafx.obj
         Debug\SystemDAO.obj
         Debug\SystemLogic.obj
         Debug\TableDAO.obj
         Debug\TableEntity.obj
         Debug\TableLogic.obj
         Debug\TableView.obj
         Debug\Util.obj
         DBMS.vcxproj -> C:\Users\Lenovo\Desktop\DBMS\DBMS\DBMS\Debug\DBMS.exe
     1>已完成生成项目“C:\Users\Lenovo\Desktop\DBMS\DBMS\DBMS\DBMS\DBMS.vcxproj”(Build 个目标)的操作。

生成成功。

已用时间 00:00:03.48
